<html>
<head>
<title>TestNG:  Test</title>
<link href="../testng.css" rel="stylesheet" type="text/css" />
<link href="../my-testng.css" rel="stylesheet" type="text/css" />

<style type="text/css">
.log { display: none;} 
.stack-trace { display: none;} 
</style>
<script type="text/javascript">
<!--
function flip(e) {
  current = e.style.display;
  if (current == 'block') {
    e.style.display = 'none';
    return 0;
  }
  else {
    e.style.display = 'block';
    return 1;
  }
}

function toggleBox(szDivId, elem, msg1, msg2)
{
  var res = -1;  if (document.getElementById) {
    res = flip(document.getElementById(szDivId));
  }
  else if (document.all) {
    // this is the way old msie versions work
    res = flip(document.all[szDivId]);
  }
  if(elem) {
    if(res == 0) elem.innerHTML = msg1; else elem.innerHTML = msg2;
  }

}

function toggleAllBoxes() {
  if (document.getElementsByTagName) {
    d = document.getElementsByTagName('div');
    for (i = 0; i < d.length; i++) {
      if (d[i].className == 'log') {
        flip(d[i]);
      }
    }
  }
}

// -->
</script>

</head>
<body>
<h2 align='center'>Test</h2><table border='1' align="center">
<tr>
<td>Tests passed/Failed/Skipped:</td><td>1/0/7</td>
</tr><tr>
<td>Started on:</td><td>Sat Dec 11 22:05:49 IST 2021</td>
</tr>
<tr><td>Total time:</td><td>79 seconds (79734 ms)</td>
</tr><tr>
<td>Included groups:</td><td></td>
</tr><tr>
<td>Excluded groups:</td><td></td>
</tr>
</table><p/>
<small><i>(Hover the method name to see the test class name)</i></small><p/>
<table width='100%' border='1' class='invocation-failed'>
<tr><td colspan='4' align='center'><b>FAILED CONFIGURATIONS</b></td></tr>
<tr><td><b>Test method</b></td>
<td width="30%"><b>Exception</b></td>
<td width="10%"><b>Time (seconds)</b></td>
<td><b>Instance</b></td>
</tr>
<tr>
<td title='org.testing.TestScripts.TC7.OpenBrowser()'><b>OpenBrowser</b><br>Test class: org.testing.TestScripts.TC7</td>
<td><div><pre>org.openqa.selenium.WebDriverException: chrome not reachable
  (Session info: chrome=96.0.4664.93)
  (Driver info: chromedriver=95.0.4638.54 (d31a821ec901f68d0d34ccdbaea45b4c86ce543e-refs/branch-heads/4638@{#871}),platform=Windows NT 10.0.19042 x86_64) (WARNING: The server did not provide any stacktrace information)
Command duration or timeout: 12.20 seconds
Build info: version: &apos;2.48.2&apos;, revision: &apos;41bccdd&apos;, time: &apos;2015-10-09 19:55:52&apos;
System info: host: &apos;LAPTOP-NR892T3L&apos;, ip: &apos;192.168.0.177&apos;, os.name: &apos;Windows 10&apos;, os.arch: &apos;amd64&apos;, os.version: &apos;10.0&apos;, java.version: &apos;1.8.0_291&apos;
Driver info: org.openqa.selenium.chrome.ChromeDriver
Capabilities [{mobileEmulationEnabled=false, timeouts={implicit=0, pageLoad=300000, script=30000}, hasTouchScreen=false, platform=XP, acceptSslCerts=false, goog:chromeOptions={debuggerAddress=localhost:51471}, webauthn:extension:credBlob=true, acceptInsecureCerts=false, webStorageEnabled=true, browserName=chrome, takesScreenshot=true, javascriptEnabled=true, setWindowRect=true, webauthn:extension:largeBlob=true, unexpectedAlertBehaviour=ignore, applicationCacheEnabled=false, rotatable=false, networkConnectionEnabled=false, chrome={chromedriverVersion=95.0.4638.54 (d31a821ec901f68d0d34ccdbaea45b4c86ce543e-refs/branch-heads/4638@{#871}), userDataDir=C:\Users\Rahul\AppData\Local\Temp\scoped_dir12900_1449801760}, takesHeapSnapshot=true, pageLoadStrategy=normal, strictFileInteractability=false, databaseEnabled=false, handlesAlerts=true, version=96.0.4664.93, browserConnectionEnabled=false, proxy={}, nativeEvents=true, locationContextEnabled=true, cssSelectorsEnabled=true, webauthn:virtualAuthenticators=true}]
Session ID: 694e8b0476558af4e5f37f31a7913422
	at org.openqa.selenium.remote.ErrorHandler.createThrowable(ErrorHandler.java:206)
	at org.openqa.selenium.remote.ErrorHandler.throwIfResponseFailed(ErrorHandler.java:158)
	at org.openqa.selenium.remote.RemoteWebDriver.execute(RemoteWebDriver.java:647)
	at org.openqa.selenium.remote.RemoteWebDriver$RemoteWebDriverOptions$RemoteWindow.maximize(RemoteWebDriver.java:907)
	at org.testing.Base.Base.OpenBrowser(Base.java:23)
... Removed 30 stack frames</pre></div><a href='#' onClick='toggleBox("stack-trace790487766", this, "Click to show all stack frames", "Click to hide stack frames")'>Click to show all stack frames</a>
<div class='stack-trace' id='stack-trace790487766'><pre>org.openqa.selenium.WebDriverException: chrome not reachable
  (Session info: chrome=96.0.4664.93)
  (Driver info: chromedriver=95.0.4638.54 (d31a821ec901f68d0d34ccdbaea45b4c86ce543e-refs/branch-heads/4638@{#871}),platform=Windows NT 10.0.19042 x86_64) (WARNING: The server did not provide any stacktrace information)
Command duration or timeout: 12.20 seconds
Build info: version: &apos;2.48.2&apos;, revision: &apos;41bccdd&apos;, time: &apos;2015-10-09 19:55:52&apos;
System info: host: &apos;LAPTOP-NR892T3L&apos;, ip: &apos;192.168.0.177&apos;, os.name: &apos;Windows 10&apos;, os.arch: &apos;amd64&apos;, os.version: &apos;10.0&apos;, java.version: &apos;1.8.0_291&apos;
Driver info: org.openqa.selenium.chrome.ChromeDriver
Capabilities [{mobileEmulationEnabled=false, timeouts={implicit=0, pageLoad=300000, script=30000}, hasTouchScreen=false, platform=XP, acceptSslCerts=false, goog:chromeOptions={debuggerAddress=localhost:51471}, webauthn:extension:credBlob=true, acceptInsecureCerts=false, webStorageEnabled=true, browserName=chrome, takesScreenshot=true, javascriptEnabled=true, setWindowRect=true, webauthn:extension:largeBlob=true, unexpectedAlertBehaviour=ignore, applicationCacheEnabled=false, rotatable=false, networkConnectionEnabled=false, chrome={chromedriverVersion=95.0.4638.54 (d31a821ec901f68d0d34ccdbaea45b4c86ce543e-refs/branch-heads/4638@{#871}), userDataDir=C:\Users\Rahul\AppData\Local\Temp\scoped_dir12900_1449801760}, takesHeapSnapshot=true, pageLoadStrategy=normal, strictFileInteractability=false, databaseEnabled=false, handlesAlerts=true, version=96.0.4664.93, browserConnectionEnabled=false, proxy={}, nativeEvents=true, locationContextEnabled=true, cssSelectorsEnabled=true, webauthn:virtualAuthenticators=true}]
Session ID: 694e8b0476558af4e5f37f31a7913422
	at sun.reflect.NativeConstructorAccessorImpl.newInstance0(Native Method)
	at sun.reflect.NativeConstructorAccessorImpl.newInstance(Unknown Source)
	at sun.reflect.DelegatingConstructorAccessorImpl.newInstance(Unknown Source)
	at java.lang.reflect.Constructor.newInstance(Unknown Source)
	at org.openqa.selenium.remote.ErrorHandler.createThrowable(ErrorHandler.java:206)
	at org.openqa.selenium.remote.ErrorHandler.throwIfResponseFailed(ErrorHandler.java:158)
	at org.openqa.selenium.remote.RemoteWebDriver.execute(RemoteWebDriver.java:647)
	at org.openqa.selenium.remote.RemoteWebDriver$RemoteWebDriverOptions$RemoteWindow.maximize(RemoteWebDriver.java:907)
	at org.testing.Base.Base.OpenBrowser(Base.java:23)
	at sun.reflect.NativeMethodAccessorImpl.invoke0(Native Method)
	at sun.reflect.NativeMethodAccessorImpl.invoke(Unknown Source)
	at sun.reflect.DelegatingMethodAccessorImpl.invoke(Unknown Source)
	at java.lang.reflect.Method.invoke(Unknown Source)
	at org.testng.internal.MethodInvocationHelper.invokeMethod(MethodInvocationHelper.java:85)
	at org.testng.internal.Invoker.invokeConfigurationMethod(Invoker.java:510)
	at org.testng.internal.Invoker.invokeConfigurations(Invoker.java:211)
	at org.testng.internal.Invoker.invokeMethod(Invoker.java:585)
	at org.testng.internal.Invoker.invokeTestMethod(Invoker.java:821)
	at org.testng.internal.Invoker.invokeTestMethods(Invoker.java:1131)
	at org.testng.internal.TestMethodWorker.invokeTestMethods(TestMethodWorker.java:124)
	at org.testng.internal.TestMethodWorker.run(TestMethodWorker.java:108)
	at org.testng.TestRunner.privateRun(TestRunner.java:773)
	at org.testng.TestRunner.run(TestRunner.java:623)
	at org.testng.SuiteRunner.runTest(SuiteRunner.java:357)
	at org.testng.SuiteRunner.runSequentially(SuiteRunner.java:352)
	at org.testng.SuiteRunner.privateRun(SuiteRunner.java:310)
	at org.testng.SuiteRunner.run(SuiteRunner.java:259)
	at org.testng.SuiteRunnerWorker.runSuite(SuiteRunnerWorker.java:52)
	at org.testng.SuiteRunnerWorker.run(SuiteRunnerWorker.java:86)
	at org.testng.TestNG.runSuitesSequentially(TestNG.java:1185)
	at org.testng.TestNG.runSuitesLocally(TestNG.java:1110)
	at org.testng.TestNG.run(TestNG.java:1018)
	at org.testng.remote.AbstractRemoteTestNG.run(AbstractRemoteTestNG.java:115)
	at org.testng.remote.RemoteTestNG.initAndRun(RemoteTestNG.java:251)
	at org.testng.remote.RemoteTestNG.main(RemoteTestNG.java:77)
</pre></div></td>
<td>0</td>
<td>org.testing.TestScripts.TC7@1725dc0f</td></tr>
</table><p>
<table width='100%' border='1' class='invocation-skipped'>
<tr><td colspan='4' align='center'><b>SKIPPED CONFIGURATIONS</b></td></tr>
<tr><td><b>Test method</b></td>
<td width="30%"><b>Exception</b></td>
<td width="10%"><b>Time (seconds)</b></td>
<td><b>Instance</b></td>
</tr>
<tr>
<td title='org.testing.TestScripts.TC6.LocatorsFile()'><b>LocatorsFile</b><br>Test class: org.testing.TestScripts.TC6</td>
<td></td>
<td>0</td>
<td>org.testing.TestScripts.TC6@3911c2a7</td></tr>
<tr>
<td title='org.testing.TestScripts.TC6.OpenBrowser()'><b>OpenBrowser</b><br>Test class: org.testing.TestScripts.TC6</td>
<td></td>
<td>0</td>
<td>org.testing.TestScripts.TC6@3911c2a7</td></tr>
<tr>
<td title='org.testing.TestScripts.TC5.LocatorsFile()'><b>LocatorsFile</b><br>Test class: org.testing.TestScripts.TC5</td>
<td></td>
<td>0</td>
<td>org.testing.TestScripts.TC5@4ac3c60d</td></tr>
<tr>
<td title='org.testing.TestScripts.TC5.OpenBrowser()'><b>OpenBrowser</b><br>Test class: org.testing.TestScripts.TC5</td>
<td></td>
<td>0</td>
<td>org.testing.TestScripts.TC5@4ac3c60d</td></tr>
<tr>
<td title='org.testing.TestScripts.TC4.LocatorsFile()'><b>LocatorsFile</b><br>Test class: org.testing.TestScripts.TC4</td>
<td></td>
<td>0</td>
<td>org.testing.TestScripts.TC4@4facf68f</td></tr>
<tr>
<td title='org.testing.TestScripts.TC4.OpenBrowser()'><b>OpenBrowser</b><br>Test class: org.testing.TestScripts.TC4</td>
<td></td>
<td>0</td>
<td>org.testing.TestScripts.TC4@4facf68f</td></tr>
<tr>
<td title='org.testing.TestScripts.TC3.LocatorsFile()'><b>LocatorsFile</b><br>Test class: org.testing.TestScripts.TC3</td>
<td></td>
<td>0</td>
<td>org.testing.TestScripts.TC3@76508ed1</td></tr>
<tr>
<td title='org.testing.TestScripts.TC3.OpenBrowser()'><b>OpenBrowser</b><br>Test class: org.testing.TestScripts.TC3</td>
<td></td>
<td>0</td>
<td>org.testing.TestScripts.TC3@76508ed1</td></tr>
<tr>
<td title='org.testing.TestScripts.TC2.LocatorsFile()'><b>LocatorsFile</b><br>Test class: org.testing.TestScripts.TC2</td>
<td></td>
<td>0</td>
<td>org.testing.TestScripts.TC2@41e36e46</td></tr>
<tr>
<td title='org.testing.TestScripts.TC2.OpenBrowser()'><b>OpenBrowser</b><br>Test class: org.testing.TestScripts.TC2</td>
<td></td>
<td>0</td>
<td>org.testing.TestScripts.TC2@41e36e46</td></tr>
<tr>
<td title='org.testing.TestScripts.TC1.LocatorsFile()'><b>LocatorsFile</b><br>Test class: org.testing.TestScripts.TC1</td>
<td></td>
<td>0</td>
<td>org.testing.TestScripts.TC1@3d74bf60</td></tr>
<tr>
<td title='org.testing.TestScripts.TC1.OpenBrowser()'><b>OpenBrowser</b><br>Test class: org.testing.TestScripts.TC1</td>
<td></td>
<td>0</td>
<td>org.testing.TestScripts.TC1@3d74bf60</td></tr>
</table><p>
<table width='100%' border='1' class='invocation-passed'>
<tr><td colspan='4' align='center'><b>PASSED TESTS</b></td></tr>
<tr><td><b>Test method</b></td>
<td width="30%"><b>Exception</b></td>
<td width="10%"><b>Time (seconds)</b></td>
<td><b>Instance</b></td>
</tr>
<tr>
<td title='org.testing.TestScripts.TC8.History()'><b>History</b><br>Test class: org.testing.TestScripts.TC8</td>
<td></td>
<td>40</td>
<td>org.testing.TestScripts.TC8@c267ef4</td></tr>
</table><p>
<table width='100%' border='1' class='invocation-skipped'>
<tr><td colspan='4' align='center'><b>SKIPPED TESTS</b></td></tr>
<tr><td><b>Test method</b></td>
<td width="30%"><b>Exception</b></td>
<td width="10%"><b>Time (seconds)</b></td>
<td><b>Instance</b></td>
</tr>
<tr>
<td title='org.testing.TestScripts.TC5.ChannelSubscribe()'><b>ChannelSubscribe</b><br>Test class: org.testing.TestScripts.TC5</td>
<td></td>
<td>0</td>
<td>org.testing.TestScripts.TC5@4ac3c60d</td></tr>
<tr>
<td title='org.testing.TestScripts.TC6.CommentVideo()'><b>CommentVideo</b><br>Test class: org.testing.TestScripts.TC6</td>
<td></td>
<td>0</td>
<td>org.testing.TestScripts.TC6@3911c2a7</td></tr>
<tr>
<td title='org.testing.TestScripts.TC7.History()'><b>History</b><br>Test class: org.testing.TestScripts.TC7</td>
<td></td>
<td>0</td>
<td>org.testing.TestScripts.TC7@1725dc0f</td></tr>
<tr>
<td title='org.testing.TestScripts.TC2.History()'><b>History</b><br>Test class: org.testing.TestScripts.TC2</td>
<td></td>
<td>0</td>
<td>org.testing.TestScripts.TC2@41e36e46</td></tr>
<tr>
<td title='org.testing.TestScripts.TC4.PlayLike()'><b>PlayLike</b><br>Test class: org.testing.TestScripts.TC4</td>
<td></td>
<td>0</td>
<td>org.testing.TestScripts.TC4@4facf68f</td></tr>
<tr>
<td title='org.testing.TestScripts.TC3.Subscriptons()'><b>Subscriptons</b><br>Test class: org.testing.TestScripts.TC3</td>
<td></td>
<td>0</td>
<td>org.testing.TestScripts.TC3@76508ed1</td></tr>
<tr>
<td title='org.testing.TestScripts.TC1.TrendingClick()'><b>TrendingClick</b><br>Test class: org.testing.TestScripts.TC1</td>
<td></td>
<td>0</td>
<td>org.testing.TestScripts.TC1@3d74bf60</td></tr>
</table><p>
</body>
</html>