<?xml version="1.0" encoding="UTF-8"?>
<!-- Generated by org.testng.reporters.JUnitXMLReporter -->
<testsuite hostname="LAPTOP-NR892T3L" name="Test" tests="8" failures="0" timestamp="11 Dec 2021 16:37:09 GMT" time="79.734" errors="0">
  <testcase name="@BeforeMethod OpenBrowser" time="0.0" classname="org.testing.TestScripts.TC7">
    <failure type="org.openqa.selenium.WebDriverException" message="chrome not reachable
  (Session info: chrome=96.0.4664.93)
  (Driver info: chromedriver=95.0.4638.54 (d31a821ec901f68d0d34ccdbaea45b4c86ce543e-refs/branch-heads/4638@{#871}),platform=Windows NT 10.0.19042 x86_64) (WARNING: The server did not provide any stacktrace information)
Command duration or timeout: 12.20 seconds
Build info: version: &amp;apos;2.48.2&amp;apos;, revision: &amp;apos;41bccdd&amp;apos;, time: &amp;apos;2015-10-09 19:55:52&amp;apos;
System info: host: &amp;apos;LAPTOP-NR892T3L&amp;apos;, ip: &amp;apos;192.168.0.177&amp;apos;, os.name: &amp;apos;Windows 10&amp;apos;, os.arch: &amp;apos;amd64&amp;apos;, os.version: &amp;apos;10.0&amp;apos;, java.version: &amp;apos;1.8.0_291&amp;apos;
Driver info: org.openqa.selenium.chrome.ChromeDriver
Capabilities [{mobileEmulationEnabled=false, timeouts={implicit=0, pageLoad=300000, script=30000}, hasTouchScreen=false, platform=XP, acceptSslCerts=false, goog:chromeOptions={debuggerAddress=localhost:51471}, webauthn:extension:credBlob=true, acceptInsecureCerts=false, webStorageEnabled=true, browserName=chrome, takesScreenshot=true, javascriptEnabled=true, setWindowRect=true, webauthn:extension:largeBlob=true, unexpectedAlertBehaviour=ignore, applicationCacheEnabled=false, rotatable=false, networkConnectionEnabled=false, chrome={chromedriverVersion=95.0.4638.54 (d31a821ec901f68d0d34ccdbaea45b4c86ce543e-refs/branch-heads/4638@{#871}), userDataDir=C:\Users\Rahul\AppData\Local\Temp\scoped_dir12900_1449801760}, takesHeapSnapshot=true, pageLoadStrategy=normal, strictFileInteractability=false, databaseEnabled=false, handlesAlerts=true, version=96.0.4664.93, browserConnectionEnabled=false, proxy={}, nativeEvents=true, locationContextEnabled=true, cssSelectorsEnabled=true, webauthn:virtualAuthenticators=true}]
Session ID: 694e8b0476558af4e5f37f31a7913422">
      <![CDATA[org.openqa.selenium.WebDriverException: chrome not reachable
  (Session info: chrome=96.0.4664.93)
  (Driver info: chromedriver=95.0.4638.54 (d31a821ec901f68d0d34ccdbaea45b4c86ce543e-refs/branch-heads/4638@{#871}),platform=Windows NT 10.0.19042 x86_64) (WARNING: The server did not provide any stacktrace information)
Command duration or timeout: 12.20 seconds
Build info: version: '2.48.2', revision: '41bccdd', time: '2015-10-09 19:55:52'
System info: host: 'LAPTOP-NR892T3L', ip: '192.168.0.177', os.name: 'Windows 10', os.arch: 'amd64', os.version: '10.0', java.version: '1.8.0_291'
Driver info: org.openqa.selenium.chrome.ChromeDriver
Capabilities [{mobileEmulationEnabled=false, timeouts={implicit=0, pageLoad=300000, script=30000}, hasTouchScreen=false, platform=XP, acceptSslCerts=false, goog:chromeOptions={debuggerAddress=localhost:51471}, webauthn:extension:credBlob=true, acceptInsecureCerts=false, webStorageEnabled=true, browserName=chrome, takesScreenshot=true, javascriptEnabled=true, setWindowRect=true, webauthn:extension:largeBlob=true, unexpectedAlertBehaviour=ignore, applicationCacheEnabled=false, rotatable=false, networkConnectionEnabled=false, chrome={chromedriverVersion=95.0.4638.54 (d31a821ec901f68d0d34ccdbaea45b4c86ce543e-refs/branch-heads/4638@{#871}), userDataDir=C:\Users\Rahul\AppData\Local\Temp\scoped_dir12900_1449801760}, takesHeapSnapshot=true, pageLoadStrategy=normal, strictFileInteractability=false, databaseEnabled=false, handlesAlerts=true, version=96.0.4664.93, browserConnectionEnabled=false, proxy={}, nativeEvents=true, locationContextEnabled=true, cssSelectorsEnabled=true, webauthn:virtualAuthenticators=true}]
Session ID: 694e8b0476558af4e5f37f31a7913422
	at org.openqa.selenium.remote.ErrorHandler.createThrowable(ErrorHandler.java:206)
	at org.openqa.selenium.remote.ErrorHandler.throwIfResponseFailed(ErrorHandler.java:158)
	at org.openqa.selenium.remote.RemoteWebDriver.execute(RemoteWebDriver.java:647)
	at org.openqa.selenium.remote.RemoteWebDriver$RemoteWebDriverOptions$RemoteWindow.maximize(RemoteWebDriver.java:907)
	at org.testing.Base.Base.OpenBrowser(Base.java:23)
... Removed 30 stack frames]]>
    </failure>
  </testcase> <!-- @BeforeMethod OpenBrowser -->
  <testcase name="@BeforeMethod LocatorsFile" time="0.0" classname="org.testing.TestScripts.TC6">
    <skipped/>
  </testcase> <!-- @BeforeMethod LocatorsFile -->
  <testcase name="@BeforeMethod OpenBrowser" time="0.0" classname="org.testing.TestScripts.TC6">
    <skipped/>
  </testcase> <!-- @BeforeMethod OpenBrowser -->
  <testcase name="@BeforeMethod LocatorsFile" time="0.0" classname="org.testing.TestScripts.TC5">
    <skipped/>
  </testcase> <!-- @BeforeMethod LocatorsFile -->
  <testcase name="@BeforeMethod OpenBrowser" time="0.0" classname="org.testing.TestScripts.TC5">
    <skipped/>
  </testcase> <!-- @BeforeMethod OpenBrowser -->
  <testcase name="@BeforeMethod LocatorsFile" time="0.0" classname="org.testing.TestScripts.TC4">
    <skipped/>
  </testcase> <!-- @BeforeMethod LocatorsFile -->
  <testcase name="@BeforeMethod OpenBrowser" time="0.0" classname="org.testing.TestScripts.TC4">
    <skipped/>
  </testcase> <!-- @BeforeMethod OpenBrowser -->
  <testcase name="@BeforeMethod LocatorsFile" time="0.0" classname="org.testing.TestScripts.TC3">
    <skipped/>
  </testcase> <!-- @BeforeMethod LocatorsFile -->
  <testcase name="@BeforeMethod OpenBrowser" time="0.0" classname="org.testing.TestScripts.TC3">
    <skipped/>
  </testcase> <!-- @BeforeMethod OpenBrowser -->
  <testcase name="@BeforeMethod LocatorsFile" time="0.0" classname="org.testing.TestScripts.TC2">
    <skipped/>
  </testcase> <!-- @BeforeMethod LocatorsFile -->
  <testcase name="@BeforeMethod OpenBrowser" time="0.0" classname="org.testing.TestScripts.TC2">
    <skipped/>
  </testcase> <!-- @BeforeMethod OpenBrowser -->
  <testcase name="@BeforeMethod LocatorsFile" time="0.0" classname="org.testing.TestScripts.TC1">
    <skipped/>
  </testcase> <!-- @BeforeMethod LocatorsFile -->
  <testcase name="@BeforeMethod OpenBrowser" time="0.0" classname="org.testing.TestScripts.TC1">
    <skipped/>
  </testcase> <!-- @BeforeMethod OpenBrowser -->
  <testcase name="History" time="40.691" classname="org.testing.TestScripts.TC8"/>
  <testcase name="History" time="0.005" classname="org.testing.TestScripts.TC7">
    <skipped/>
  </testcase> <!-- History -->
  <testcase name="CommentVideo" time="0.001" classname="org.testing.TestScripts.TC6">
    <skipped/>
  </testcase> <!-- CommentVideo -->
  <testcase name="ChannelSubscribe" time="0.001" classname="org.testing.TestScripts.TC5">
    <skipped/>
  </testcase> <!-- ChannelSubscribe -->
  <testcase name="PlayLike" time="0.001" classname="org.testing.TestScripts.TC4">
    <skipped/>
  </testcase> <!-- PlayLike -->
  <testcase name="Subscriptons" time="0.003" classname="org.testing.TestScripts.TC3">
    <skipped/>
  </testcase> <!-- Subscriptons -->
  <testcase name="History" time="0.002" classname="org.testing.TestScripts.TC2">
    <skipped/>
  </testcase> <!-- History -->
  <testcase name="TrendingClick" time="0.001" classname="org.testing.TestScripts.TC1">
    <skipped/>
  </testcase> <!-- TrendingClick -->
</testsuite> <!-- Test -->
